2023-10-21 20:45:06,308 [main] DEBUG io.vertx.core.logging.LoggerFactory [?:?] - Using io.vertx.core.logging.SLF4JLogDelegateFactory
2023-10-21 20:45:06,632 [vert.x-eventloop-thread-1] DEBUG Main [MainVerticle.kt:46] - Loading config
2023-10-21 20:45:06,801 [vert.x-eventloop-thread-2] DEBUG c.c.clima_api.verticles.ApiVerticle [ApiVerticle.kt:25] - Api router not created
2023-10-21 20:45:06,801 [vert.x-eventloop-thread-2] ERROR c.c.clima_api.verticles.ApiVerticle [ApiVerticle.kt:26] - Spec is invalid
2023-10-21 20:45:06,805 [vert.x-eventloop-thread-1] ERROR Main [MainVerticle.kt:35] - Could not start application: Spec is invalid
2023-10-21 20:52:22,768 [main] DEBUG io.vertx.core.logging.LoggerFactory [?:?] - Using io.vertx.core.logging.SLF4JLogDelegateFactory
2023-10-21 20:52:23,244 [vert.x-eventloop-thread-1] DEBUG Main [MainVerticle.kt:46] - Loading config
2023-10-21 20:52:23,410 [vert.x-eventloop-thread-2] DEBUG c.c.clima_api.verticles.ApiVerticle [ApiVerticle.kt:23] - Api router created
2023-10-21 20:52:23,461 [vert.x-eventloop-thread-1] INFO  Main [MainVerticle.kt:33] - Application started
2023-10-21 20:52:23,462 [vert.x-eventloop-thread-0] INFO  i.v.c.i.l.c.VertxIsolatedDeployer [?:?] - Succeeded in deploying verticle
2023-10-21 20:53:01,575 [main] DEBUG io.vertx.core.logging.LoggerFactory [?:?] - Using io.vertx.core.logging.SLF4JLogDelegateFactory
2023-10-21 20:53:01,906 [vert.x-eventloop-thread-1] DEBUG Main [MainVerticle.kt:46] - Loading config
2023-10-21 20:53:02,084 [vert.x-eventloop-thread-2] DEBUG c.c.clima_api.verticles.ApiVerticle [ApiVerticle.kt:23] - Api router created
2023-10-21 20:53:02,131 [vert.x-eventloop-thread-1] INFO  Main [MainVerticle.kt:33] - Application started
2023-10-21 20:53:02,132 [vert.x-eventloop-thread-0] INFO  i.v.c.i.l.c.VertxIsolatedDeployer [?:?] - Succeeded in deploying verticle
2023-10-21 20:53:20,045 [main] DEBUG io.vertx.core.logging.LoggerFactory [?:?] - Using io.vertx.core.logging.SLF4JLogDelegateFactory
2023-10-21 20:53:20,268 [vert.x-eventloop-thread-1] DEBUG Main [MainVerticle.kt:46] - Loading config
2023-10-21 20:53:20,443 [vert.x-eventloop-thread-2] DEBUG c.c.clima_api.verticles.ApiVerticle [ApiVerticle.kt:23] - Api router created
2023-10-21 20:53:20,492 [vert.x-eventloop-thread-1] INFO  Main [MainVerticle.kt:33] - Application started
2023-10-21 20:53:20,492 [vert.x-eventloop-thread-0] INFO  i.v.c.i.l.c.VertxIsolatedDeployer [?:?] - Succeeded in deploying verticle
